f:\school stuff\full sail classes\month 16\graphics 2\hardware project\pp4_hardware_project\dx11uwa\dx11uwa\x64\debug\pch.pch
f:\school stuff\full sail classes\month 16\graphics 2\hardware project\pp4_hardware_project\dx11uwa\dx11uwa\x64\debug\vc141.pdb
f:\school stuff\full sail classes\month 16\graphics 2\hardware project\pp4_hardware_project\dx11uwa\dx11uwa\x64\debug\vc141.idb
f:\school stuff\full sail classes\month 16\graphics 2\hardware project\pp4_hardware_project\dx11uwa\dx11uwa\x64\debug\pch.obj
f:\school stuff\full sail classes\month 16\graphics 2\hardware project\pp4_hardware_project\dx11uwa\dx11uwa\x64\debug\deviceresources.obj
f:\school stuff\full sail classes\month 16\graphics 2\hardware project\pp4_hardware_project\dx11uwa\dx11uwa\x64\debug\sample3dscenerenderer.obj
f:\school stuff\full sail classes\month 16\graphics 2\hardware project\pp4_hardware_project\dx11uwa\dx11uwa\x64\debug\dx11uwamain.obj
f:\school stuff\full sail classes\month 16\graphics 2\hardware project\pp4_hardware_project\dx11uwa\dx11uwa\x64\debug\ddstextureloader.obj
f:\school stuff\full sail classes\month 16\graphics 2\hardware project\pp4_hardware_project\dx11uwa\dx11uwa\x64\debug\app.obj
f:\school stuff\full sail classes\month 16\graphics 2\hardware project\pp4_hardware_project\dx11uwa\dx11uwa\x64\debug\samplefpstextrenderer.obj
f:\school stuff\full sail classes\month 16\graphics 2\hardware project\pp4_hardware_project\dx11uwa\x64\debug\dx11uwa\normaltexturingpixelshader.cso
f:\school stuff\full sail classes\month 16\graphics 2\hardware project\pp4_hardware_project\dx11uwa\x64\debug\dx11uwa\normaltexturingvertexshader.cso
f:\school stuff\full sail classes\month 16\graphics 2\hardware project\pp4_hardware_project\dx11uwa\x64\debug\dx11uwa\pixelshader.cso
f:\school stuff\full sail classes\month 16\graphics 2\hardware project\pp4_hardware_project\dx11uwa\x64\debug\dx11uwa\samplepixelshader.cso
f:\school stuff\full sail classes\month 16\graphics 2\hardware project\pp4_hardware_project\dx11uwa\x64\debug\dx11uwa\samplevertexshader.cso
f:\school stuff\full sail classes\month 16\graphics 2\hardware project\pp4_hardware_project\dx11uwa\x64\debug\dx11uwa\texturingpixelshader.cso
f:\school stuff\full sail classes\month 16\graphics 2\hardware project\pp4_hardware_project\dx11uwa\x64\debug\dx11uwa\texturingvertexshader.cso
f:\school stuff\full sail classes\month 16\graphics 2\hardware project\pp4_hardware_project\dx11uwa\x64\debug\dx11uwa\vertexshader.cso
f:\school stuff\full sail classes\month 16\graphics 2\hardware project\pp4_hardware_project\dx11uwa\x64\debug\dx11uwa\dx11uwa.winmd
f:\school stuff\full sail classes\month 16\graphics 2\hardware project\pp4_hardware_project\dx11uwa\x64\debug\dx11uwa\dx11uwa.ilk
f:\school stuff\full sail classes\month 16\graphics 2\hardware project\pp4_hardware_project\dx11uwa\x64\debug\dx11uwa\dx11uwa.exe
f:\school stuff\full sail classes\month 16\graphics 2\hardware project\pp4_hardware_project\dx11uwa\x64\debug\dx11uwa\dx11uwa.pdb
f:\school stuff\full sail classes\month 16\graphics 2\hardware project\pp4_hardware_project\dx11uwa\dx11uwa\x64\debug\dx11uwa.vcxproj.generateresource.cache
f:\school stuff\full sail classes\month 16\graphics 2\hardware project\pp4_hardware_project\dx11uwa\dx11uwa\x64\debug\priconfig.xml
f:\school stuff\full sail classes\month 16\graphics 2\hardware project\pp4_hardware_project\dx11uwa\dx11uwa\x64\debug\dx11uwa.tlog\cl.command.1.tlog
f:\school stuff\full sail classes\month 16\graphics 2\hardware project\pp4_hardware_project\dx11uwa\dx11uwa\x64\debug\dx11uwa.tlog\cl.read.1.tlog
f:\school stuff\full sail classes\month 16\graphics 2\hardware project\pp4_hardware_project\dx11uwa\dx11uwa\x64\debug\dx11uwa.tlog\cl.write.1.tlog
f:\school stuff\full sail classes\month 16\graphics 2\hardware project\pp4_hardware_project\dx11uwa\dx11uwa\x64\debug\dx11uwa.tlog\dx11uwa.write.1u.tlog
f:\school stuff\full sail classes\month 16\graphics 2\hardware project\pp4_hardware_project\dx11uwa\dx11uwa\x64\debug\dx11uwa.tlog\fxc.command.1.tlog
f:\school stuff\full sail classes\month 16\graphics 2\hardware project\pp4_hardware_project\dx11uwa\dx11uwa\x64\debug\dx11uwa.tlog\fxc.read.1.tlog
f:\school stuff\full sail classes\month 16\graphics 2\hardware project\pp4_hardware_project\dx11uwa\dx11uwa\x64\debug\dx11uwa.tlog\fxc.write.1.tlog
f:\school stuff\full sail classes\month 16\graphics 2\hardware project\pp4_hardware_project\dx11uwa\dx11uwa\x64\debug\dx11uwa.tlog\link.command.1.tlog
f:\school stuff\full sail classes\month 16\graphics 2\hardware project\pp4_hardware_project\dx11uwa\dx11uwa\x64\debug\dx11uwa.tlog\link.read.1.tlog
f:\school stuff\full sail classes\month 16\graphics 2\hardware project\pp4_hardware_project\dx11uwa\dx11uwa\x64\debug\dx11uwa.tlog\link.write.1.tlog
